server(started, 1415921800).
/*Thu Nov 13 17:36:40 2014*/ request(1, 1415921800.407, [peer(ip(127,0,0,1)),method(get),request_uri(/),path(/),http_version(1-1),host(localhost),port(9090),connection('keep-alive'),user_agent('Mozilla/5.0 (Windows NT 6.1) AppleWebKit/537.36 (KHTML, like Gecko) Chrome/38.0.2125.111 Safari/537.36')]).
completed(1, 0.015600100000000002, 337, 404, error(404,/)).
/*Thu Nov 13 17:36:40 2014*/ request(2, 1415921800.528, [peer(ip(127,0,0,1)),method(get),request_uri('/favicon.ico'),path('/favicon.ico'),http_version(1-1),host(localhost),port(9090),connection('keep-alive'),user_agent('Mozilla/5.0 (Windows NT 6.1) AppleWebKit/537.36 (KHTML, like Gecko) Chrome/38.0.2125.111 Safari/537.36')]).
completed(2, 0.0, 348, 404, error(404,'/favicon.ico')).
/*Thu Nov 13 17:39:25 2014*/ request(3, 1415921965.739, [peer(ip(127,0,0,1)),method(get),request_uri('//data.json'),path(''),http_version(1-1),host(localhost),port(9090),connection('keep-alive'),user_agent('Mozilla/5.0 (Windows NT 6.1) AppleWebKit/537.36 (KHTML, like Gecko) Chrome/38.0.2125.111 Safari/537.36')]).
completed(3, 0.015600100000000002, 336, 404, error(404,'')).
/*Thu Nov 13 17:39:27 2014*/ request(4, 1415921967.711, [peer(ip(127,0,0,1)),method(get),request_uri('//data.json'),path(''),http_version(1-1),host(localhost),port(9090),connection('keep-alive'),cache_control('max-age=0'),user_agent('Mozilla/5.0 (Windows NT 6.1) AppleWebKit/537.36 (KHTML, like Gecko) Chrome/38.0.2125.111 Safari/537.36')]).
completed(4, 0.0, 336, 404, error(404,'')).
server(started, 1416871375).
/*Mon Nov 24 17:22:55 2014*/ request(1, 1416871375.469, [peer(ip(127,0,0,1)),method(post),request_uri('/json'),path('/json'),http_version(1-1),user_agent('curl/7.39.0'),host(localhost),port(9090),content_type('application/json'),content_length(417)]).
completed(1, 0.0, 11, 200, ok).
/*Mon Nov 24 17:24:28 2014*/ request(2, 1416871468.873, [peer(ip(127,0,0,1)),method(post),request_uri('/json'),path('/json'),http_version(1-1),user_agent('curl/7.39.0'),host(localhost),port(9090),content_type('application/json'),content_length(417)]).
completed(2, 0.0, 11, 200, ok).
/*Mon Nov 24 19:58:43 2014*/ request(3, 1416880723.344, [peer(ip(127,0,0,1)),method(post),request_uri('/json'),path('/json'),http_version(1-1),user_agent('curl/7.39.0'),host(localhost),port(9090),content_type('application/json'),content_length(436)]).
completed(3, 0.015625, 11, 200, ok).
server(stopped, 1416880732).
server(started, 1416880799).
/*Mon Nov 24 19:59:58 2014*/ request(1, 1416880798.900, [peer(ip(127,0,0,1)),method(post),request_uri('/json'),path('/json'),http_version(1-1),user_agent('curl/7.39.0'),host(localhost),port(9090),content_type('application/json'),content_length(436)]).
completed(1, 0.0, 11, 200, ok).
server(stopped, 1416880841).
server(started, 1416880856).
/*Mon Nov 24 20:00:56 2014*/ request(1, 1416880856.335, [peer(ip(127,0,0,1)),method(post),request_uri('/json'),path('/json'),http_version(1-1),user_agent('curl/7.39.0'),host(localhost),port(9090),content_type('application/json'),content_length(417)]).
completed(1, 0.0, 11, 200, ok).
server(stopped, 1416881439).
server(started, 1416881455).
/*Mon Nov 24 20:10:55 2014*/ request(1, 1416881455.182, [peer(ip(127,0,0,1)),method(post),request_uri('/json'),path('/json'),http_version(1-1),user_agent('curl/7.39.0'),host(localhost),port(9090),content_type('application/json'),content_length(182)]).
completed(1, 0.0, 11, 200, ok).
/*Mon Nov 24 20:17:41 2014*/ request(2, 1416881861.298, [peer(ip(127,0,0,1)),method(post),request_uri('/json'),path('/json'),http_version(1-1),user_agent('curl/7.39.0'),host(localhost),port(9090),content_type('application/json'),content_length(182)]).
completed(2, 0.0, 11, 200, ok).
server(stopped, 1416881870).
server(started, 1416881885).
/*Mon Nov 24 20:18:05 2014*/ request(1, 1416881885.114, [peer(ip(127,0,0,1)),method(post),request_uri('/json'),path('/json'),http_version(1-1),user_agent('curl/7.39.0'),host(localhost),port(9090),content_type('application/json'),content_length(182)]).
completed(1, 0.0, 11, 200, ok).
server(stopped, 1416885825).
server(started, 1416885881).
/*Mon Nov 24 21:24:41 2014*/ request(1, 1416885881.496, [peer(ip(127,0,0,1)),method(post),request_uri('/json'),path('/json'),http_version(1-1),user_agent('curl/7.39.0'),host(localhost),port(9090),content_type('application/json'),content_length(289)]).
completed(1, 0.0, 11, 200, ok).
server(started, 1416950743).
/*Tue Nov 25 15:25:42 2014*/ request(1, 1416950742.935, [peer(ip(127,0,0,1)),method(post),request_uri('/json'),path('/json'),http_version(1-1),user_agent('curl/7.39.0'),host(localhost),port(9090),content_type('application/json'),content_length(289)]).
completed(1, 0.0, 11, 200, ok).
/*Tue Nov 25 15:56:54 2014*/ request(2, 1416952614.438, [peer(ip(127,0,0,1)),method(post),request_uri('/json'),path('/json'),http_version(1-1),user_agent('curl/7.39.0'),host(localhost),port(9090),content_type('application/json'),content_length(244)]).
completed(2, 0.0, 11, 200, ok).
/*Tue Nov 25 16:00:04 2014*/ request(3, 1416952804.459, [peer(ip(127,0,0,1)),method(get),request_uri(/),path(/),http_version(1-1),host(localhost),port(9090),connection('keep-alive'),user_agent('Mozilla/5.0 (Windows NT 6.3; WOW64) AppleWebKit/537.36 (KHTML, like Gecko) Chrome/39.0.2171.65 Safari/537.36'),cookie(['JSESSIONID'='FFAC8ECEAD3DFAD476A180C52FA2BFC9'])]).
completed(3, 0.0, 332, 404, error(404,/)).
/*Tue Nov 25 16:00:04 2014*/ request(4, 1416952804.507, [peer(ip(127,0,0,1)),method(get),request_uri('/favicon.ico'),path('/favicon.ico'),http_version(1-1),host(localhost),port(9090),connection('keep-alive'),user_agent('Mozilla/5.0 (Windows NT 6.3; WOW64) AppleWebKit/537.36 (KHTML, like Gecko) Chrome/39.0.2171.65 Safari/537.36'),cookie(['JSESSIONID'='FFAC8ECEAD3DFAD476A180C52FA2BFC9'])]).
completed(4, 0.0, 343, 404, error(404,'/favicon.ico')).
server(stopped, 1416953031).
server(started, 1416953737).
/*Tue Nov 25 16:15:36 2014*/ request(1, 1416953736.670, [peer(ip(127,0,0,1)),method(post),request_uri('/json'),path('/json'),http_version(1-1),user_agent('curl/7.39.0'),host(localhost),port(9090),content_type('application/json'),content_length(244)]).
completed(1, 0.0, 11, 200, ok).
/*Tue Nov 25 16:18:34 2014*/ request(2, 1416953914.363, [peer(ip(127,0,0,1)),method(post),request_uri('/json'),path('/json'),http_version(1-1),user_agent('curl/7.39.0'),host(localhost),port(9090),content_type('application/json'),content_length(417)]).
completed(2, 0.0, 11, 200, ok).
/*Tue Nov 25 16:18:57 2014*/ request(3, 1416953937.687, [peer(ip(127,0,0,1)),method(post),request_uri('/json'),path('/json'),http_version(1-1),user_agent('curl/7.39.0'),host(localhost),port(9090),content_type('application/json'),content_length(417)]).
completed(3, 0.0, 11, 200, ok).
/*Tue Nov 25 16:19:28 2014*/ request(4, 1416953968.941, [peer(ip(127,0,0,1)),method(post),request_uri('/json'),path('/json'),http_version(1-1),user_agent('curl/7.39.0'),host(localhost),port(9090),content_type('application/json'),content_length(417)]).
completed(4, 0.0, 11, 200, ok).
/*Tue Nov 25 16:21:01 2014*/ request(5, 1416954061.149, [peer(ip(127,0,0,1)),method(post),request_uri('/json'),path('/json'),http_version(1-1),user_agent('curl/7.39.0'),host(localhost),port(9090),content_type('application/json'),content_length(417)]).
completed(5, 0.0, 11, 200, ok).
